(in /home/useraxis/rails/masquerade)
                            opml_metadatas GET    /opml_metadatas                                           {:action=>"index", :controller=>"opml_metadatas"}
                  formatted_opml_metadatas GET    /opml_metadatas.:format                                   {:action=>"index", :controller=>"opml_metadatas"}
                                           POST   /opml_metadatas                                           {:action=>"create", :controller=>"opml_metadatas"}
                                           POST   /opml_metadatas.:format                                   {:action=>"create", :controller=>"opml_metadatas"}
                         new_opml_metadata GET    /opml_metadatas/new                                       {:action=>"new", :controller=>"opml_metadatas"}
               formatted_new_opml_metadata GET    /opml_metadatas/new.:format                               {:action=>"new", :controller=>"opml_metadatas"}
                        edit_opml_metadata GET    /opml_metadatas/:id/edit                                  {:action=>"edit", :controller=>"opml_metadatas"}
              formatted_edit_opml_metadata GET    /opml_metadatas/:id/edit.:format                          {:action=>"edit", :controller=>"opml_metadatas"}
                             opml_metadata GET    /opml_metadatas/:id                                       {:action=>"show", :controller=>"opml_metadatas"}
                   formatted_opml_metadata GET    /opml_metadatas/:id.:format                               {:action=>"show", :controller=>"opml_metadatas"}
                                           PUT    /opml_metadatas/:id                                       {:action=>"update", :controller=>"opml_metadatas"}
                                           PUT    /opml_metadatas/:id.:format                               {:action=>"update", :controller=>"opml_metadatas"}
                                           DELETE /opml_metadatas/:id                                       {:action=>"destroy", :controller=>"opml_metadatas"}
                                           DELETE /opml_metadatas/:id.:format                               {:action=>"destroy", :controller=>"opml_metadatas"}
                                           POST   /account                                                  {:action=>"create", :controller=>"accounts"}
                                           POST   /account.:format                                          {:action=>"create", :controller=>"accounts"}
                               new_account GET    /account/new                                              {:action=>"new", :controller=>"accounts"}
                     formatted_new_account GET    /account/new.:format                                      {:action=>"new", :controller=>"accounts"}
                              edit_account GET    /account/edit                                             {:action=>"edit", :controller=>"accounts"}
                    formatted_edit_account GET    /account/edit.:format                                     {:action=>"edit", :controller=>"accounts"}
                          activate_account GET    /account/activate                                         {:action=>"activate", :controller=>"accounts"}
                formatted_activate_account GET    /account/activate.:format                                 {:action=>"activate", :controller=>"accounts"}
                          password_account GET    /account/password                                         {:action=>"password", :controller=>"accounts"}
                formatted_password_account GET    /account/password.:format                                 {:action=>"password", :controller=>"accounts"}
                   change_password_account PUT    /account/change_password                                  {:action=>"change_password", :controller=>"accounts"}
         formatted_change_password_account PUT    /account/change_password.:format                          {:action=>"change_password", :controller=>"accounts"}
                                   account GET    /account                                                  {:action=>"show", :controller=>"accounts"}
                         formatted_account GET    /account.:format                                          {:action=>"show", :controller=>"accounts"}
                                           PUT    /account                                                  {:action=>"update", :controller=>"accounts"}
                                           PUT    /account.:format                                          {:action=>"update", :controller=>"accounts"}
                                           DELETE /account                                                  {:action=>"destroy", :controller=>"accounts"}
                                           DELETE /account.:format                                          {:action=>"destroy", :controller=>"accounts"}
                          account_personas GET    /account/personas                                         {:action=>"index", :controller=>"personas"}
                formatted_account_personas GET    /account/personas.:format                                 {:action=>"index", :controller=>"personas"}
                                           POST   /account/personas                                         {:action=>"create", :controller=>"personas"}
                                           POST   /account/personas.:format                                 {:action=>"create", :controller=>"personas"}
                       new_account_persona GET    /account/personas/new                                     {:action=>"new", :controller=>"personas"}
             formatted_new_account_persona GET    /account/personas/new.:format                             {:action=>"new", :controller=>"personas"}
                      edit_account_persona GET    /account/personas/:id/edit                                {:action=>"edit", :controller=>"personas"}
            formatted_edit_account_persona GET    /account/personas/:id/edit.:format                        {:action=>"edit", :controller=>"personas"}
                           account_persona GET    /account/personas/:id                                     {:action=>"show", :controller=>"personas"}
                 formatted_account_persona GET    /account/personas/:id.:format                             {:action=>"show", :controller=>"personas"}
                                           PUT    /account/personas/:id                                     {:action=>"update", :controller=>"personas"}
                                           PUT    /account/personas/:id.:format                             {:action=>"update", :controller=>"personas"}
                                           DELETE /account/personas/:id                                     {:action=>"destroy", :controller=>"personas"}
                                           DELETE /account/personas/:id.:format                             {:action=>"destroy", :controller=>"personas"}
                account_persona_properties GET    /account/personas/:persona_id/properties                  {:action=>"index", :controller=>"properties"}
      formatted_account_persona_properties GET    /account/personas/:persona_id/properties.:format          {:action=>"index", :controller=>"properties"}
                                           POST   /account/personas/:persona_id/properties                  {:action=>"create", :controller=>"properties"}
                                           POST   /account/personas/:persona_id/properties.:format          {:action=>"create", :controller=>"properties"}
              new_account_persona_property GET    /account/personas/:persona_id/properties/new              {:action=>"new", :controller=>"properties"}
    formatted_new_account_persona_property GET    /account/personas/:persona_id/properties/new.:format      {:action=>"new", :controller=>"properties"}
             edit_account_persona_property GET    /account/personas/:persona_id/properties/:id/edit         {:action=>"edit", :controller=>"properties"}
   formatted_edit_account_persona_property GET    /account/personas/:persona_id/properties/:id/edit.:format {:action=>"edit", :controller=>"properties"}
                  account_persona_property GET    /account/personas/:persona_id/properties/:id              {:action=>"show", :controller=>"properties"}
        formatted_account_persona_property GET    /account/personas/:persona_id/properties/:id.:format      {:action=>"show", :controller=>"properties"}
                                           PUT    /account/personas/:persona_id/properties/:id              {:action=>"update", :controller=>"properties"}
                                           PUT    /account/personas/:persona_id/properties/:id.:format      {:action=>"update", :controller=>"properties"}
                                           DELETE /account/personas/:persona_id/properties/:id              {:action=>"destroy", :controller=>"properties"}
                                           DELETE /account/personas/:persona_id/properties/:id.:format      {:action=>"destroy", :controller=>"properties"}
                             account_sites GET    /account/sites                                            {:action=>"index", :controller=>"sites"}
                   formatted_account_sites GET    /account/sites.:format                                    {:action=>"index", :controller=>"sites"}
                                           POST   /account/sites                                            {:action=>"create", :controller=>"sites"}
                                           POST   /account/sites.:format                                    {:action=>"create", :controller=>"sites"}
                          new_account_site GET    /account/sites/new                                        {:action=>"new", :controller=>"sites"}
                formatted_new_account_site GET    /account/sites/new.:format                                {:action=>"new", :controller=>"sites"}
                         edit_account_site GET    /account/sites/:id/edit                                   {:action=>"edit", :controller=>"sites"}
               formatted_edit_account_site GET    /account/sites/:id/edit.:format                           {:action=>"edit", :controller=>"sites"}
                              account_site GET    /account/sites/:id                                        {:action=>"show", :controller=>"sites"}
                    formatted_account_site GET    /account/sites/:id.:format                                {:action=>"show", :controller=>"sites"}
                                           PUT    /account/sites/:id                                        {:action=>"update", :controller=>"sites"}
                                           PUT    /account/sites/:id.:format                                {:action=>"update", :controller=>"sites"}
                                           DELETE /account/sites/:id                                        {:action=>"destroy", :controller=>"sites"}
                                           DELETE /account/sites/:id.:format                                {:action=>"destroy", :controller=>"sites"}
             account_site_release_policies GET    /account/sites/:site_id/release_policies                  {:action=>"index", :controller=>"release_policies"}
   formatted_account_site_release_policies GET    /account/sites/:site_id/release_policies.:format          {:action=>"index", :controller=>"release_policies"}
                                           POST   /account/sites/:site_id/release_policies                  {:action=>"create", :controller=>"release_policies"}
                                           POST   /account/sites/:site_id/release_policies.:format          {:action=>"create", :controller=>"release_policies"}
           new_account_site_release_policy GET    /account/sites/:site_id/release_policies/new              {:action=>"new", :controller=>"release_policies"}
 formatted_new_account_site_release_policy GET    /account/sites/:site_id/release_policies/new.:format      {:action=>"new", :controller=>"release_policies"}
          edit_account_site_release_policy GET    /account/sites/:site_id/release_policies/:id/edit         {:action=>"edit", :controller=>"release_policies"}
formatted_edit_account_site_release_policy GET    /account/sites/:site_id/release_policies/:id/edit.:format {:action=>"edit", :controller=>"release_policies"}
               account_site_release_policy GET    /account/sites/:site_id/release_policies/:id              {:action=>"show", :controller=>"release_policies"}
     formatted_account_site_release_policy GET    /account/sites/:site_id/release_policies/:id.:format      {:action=>"show", :controller=>"release_policies"}
                                           PUT    /account/sites/:site_id/release_policies/:id              {:action=>"update", :controller=>"release_policies"}
                                           PUT    /account/sites/:site_id/release_policies/:id.:format      {:action=>"update", :controller=>"release_policies"}
                                           DELETE /account/sites/:site_id/release_policies/:id              {:action=>"destroy", :controller=>"release_policies"}
                                           DELETE /account/sites/:site_id/release_policies/:id.:format      {:action=>"destroy", :controller=>"release_policies"}
                          account_services GET    /account/services                                         {:action=>"index", :controller=>"services"}
                formatted_account_services GET    /account/services.:format                                 {:action=>"index", :controller=>"services"}
                                           POST   /account/services                                         {:action=>"create", :controller=>"services"}
                                           POST   /account/services.:format                                 {:action=>"create", :controller=>"services"}
                       new_account_service GET    /account/services/new                                     {:action=>"new", :controller=>"services"}
             formatted_new_account_service GET    /account/services/new.:format                             {:action=>"new", :controller=>"services"}
                      edit_account_service GET    /account/services/:id/edit                                {:action=>"edit", :controller=>"services"}
            formatted_edit_account_service GET    /account/services/:id/edit.:format                        {:action=>"edit", :controller=>"services"}
                           account_service GET    /account/services/:id                                     {:action=>"show", :controller=>"services"}
                 formatted_account_service GET    /account/services/:id.:format                             {:action=>"show", :controller=>"services"}
                                           PUT    /account/services/:id                                     {:action=>"update", :controller=>"services"}
                                           PUT    /account/services/:id.:format                             {:action=>"update", :controller=>"services"}
                                           DELETE /account/services/:id                                     {:action=>"destroy", :controller=>"services"}
                                           DELETE /account/services/:id.:format                             {:action=>"destroy", :controller=>"services"}
          destroy_account_service_services DELETE /account/services/:service_id/services/destroy            {:action=>"destroy", :controller=>"services", :id=>/[^\/.?]+/}
formatted_destroy_account_service_services DELETE /account/services/:service_id/services/destroy.:format    {:action=>"destroy", :controller=>"services", :id=>/[^\/.?]+/}
                  account_service_services GET    /account/services/:service_id/services                    {:action=>"index", :controller=>"services"}
        formatted_account_service_services GET    /account/services/:service_id/services.:format            {:action=>"index", :controller=>"services"}
                                           POST   /account/services/:service_id/services                    {:action=>"create", :controller=>"services"}
                                           POST   /account/services/:service_id/services.:format            {:action=>"create", :controller=>"services"}
               new_account_service_service GET    /account/services/:service_id/services/new                {:action=>"new", :controller=>"services"}
     formatted_new_account_service_service GET    /account/services/:service_id/services/new.:format        {:action=>"new", :controller=>"services"}
              edit_account_service_service GET    /account/services/:service_id/services/:id/edit           {:action=>"edit", :controller=>"services"}
    formatted_edit_account_service_service GET    /account/services/:service_id/services/:id/edit.:format   {:action=>"edit", :controller=>"services"}
                   account_service_service GET    /account/services/:service_id/services/:id                {:action=>"show", :controller=>"services"}
         formatted_account_service_service GET    /account/services/:service_id/services/:id.:format        {:action=>"show", :controller=>"services"}
                                           PUT    /account/services/:service_id/services/:id                {:action=>"update", :controller=>"services"}
                                           PUT    /account/services/:service_id/services/:id.:format        {:action=>"update", :controller=>"services"}
                                           DELETE /account/services/:service_id/services/:id                {:action=>"destroy", :controller=>"services"}
                                           DELETE /account/services/:service_id/services/:id.:format        {:action=>"destroy", :controller=>"services"}
                                           POST   /account/yubikey_association                              {:action=>"create", :controller=>"yubikey_associations"}
                                           POST   /account/yubikey_association.:format                      {:action=>"create", :controller=>"yubikey_associations"}
           new_account_yubikey_association GET    /account/yubikey_association/new                          {:action=>"new", :controller=>"yubikey_associations"}
 formatted_new_account_yubikey_association GET    /account/yubikey_association/new.:format                  {:action=>"new", :controller=>"yubikey_associations"}
          edit_account_yubikey_association GET    /account/yubikey_association/edit                         {:action=>"edit", :controller=>"yubikey_associations"}
formatted_edit_account_yubikey_association GET    /account/yubikey_association/edit.:format                 {:action=>"edit", :controller=>"yubikey_associations"}
               account_yubikey_association GET    /account/yubikey_association                              {:action=>"show", :controller=>"yubikey_associations"}
     formatted_account_yubikey_association GET    /account/yubikey_association.:format                      {:action=>"show", :controller=>"yubikey_associations"}
                                           PUT    /account/yubikey_association                              {:action=>"update", :controller=>"yubikey_associations"}
                                           PUT    /account/yubikey_association.:format                      {:action=>"update", :controller=>"yubikey_associations"}
                                           DELETE /account/yubikey_association                              {:action=>"destroy", :controller=>"yubikey_associations"}
                                           DELETE /account/yubikey_association.:format                      {:action=>"destroy", :controller=>"yubikey_associations"}
                                           POST   /session                                                  {:action=>"create", :controller=>"sessions"}
                                           POST   /session.:format                                          {:action=>"create", :controller=>"sessions"}
                               new_session GET    /session/new                                              {:action=>"new", :controller=>"sessions"}
                     formatted_new_session GET    /session/new.:format                                      {:action=>"new", :controller=>"sessions"}
                              edit_session GET    /session/edit                                             {:action=>"edit", :controller=>"sessions"}
                    formatted_edit_session GET    /session/edit.:format                                     {:action=>"edit", :controller=>"sessions"}
                                   session GET    /session                                                  {:action=>"show", :controller=>"sessions"}
                         formatted_session GET    /session.:format                                          {:action=>"show", :controller=>"sessions"}
                                           PUT    /session                                                  {:action=>"update", :controller=>"sessions"}
                                           PUT    /session.:format                                          {:action=>"update", :controller=>"sessions"}
                                           DELETE /session                                                  {:action=>"destroy", :controller=>"sessions"}
                                           DELETE /session.:format                                          {:action=>"destroy", :controller=>"sessions"}
                                           POST   /password                                                 {:action=>"create", :controller=>"passwords"}
                                           POST   /password.:format                                         {:action=>"create", :controller=>"passwords"}
                              new_password GET    /password/new                                             {:action=>"new", :controller=>"passwords"}
                    formatted_new_password GET    /password/new.:format                                     {:action=>"new", :controller=>"passwords"}
                             edit_password GET    /password/edit                                            {:action=>"edit", :controller=>"passwords"}
                   formatted_edit_password GET    /password/edit.:format                                    {:action=>"edit", :controller=>"passwords"}
                                  password GET    /password                                                 {:action=>"show", :controller=>"passwords"}
                        formatted_password GET    /password.:format                                         {:action=>"show", :controller=>"passwords"}
                                           PUT    /password                                                 {:action=>"update", :controller=>"passwords"}
                                           PUT    /password.:format                                         {:action=>"update", :controller=>"passwords"}
                                           DELETE /password                                                 {:action=>"destroy", :controller=>"passwords"}
                                           DELETE /password.:format                                         {:action=>"destroy", :controller=>"passwords"}
                           forgot_password        /forgot_password                                          {:action=>"new", :controller=>"passwords"}
                            reset_password        /reset_password/:id                                       {:action=>"edit", :controller=>"passwords"}
                                     login        /login                                                    {:action=>"new", :controller=>"sessions"}
                                    logout        /logout                                                   {:action=>"destroy", :controller=>"sessions"}
                          formatted_server        /server.:format                                           {:action=>"index", :controller=>"server"}
                                    server        /server                                                   {:action=>"index", :controller=>"server"}
                                    decide        /server/decide                                            {:action=>"decide", :controller=>"server"}
                                   proceed        /server/proceed                                           {:action=>"proceed", :controller=>"server"}
                                  complete        /server/complete                                          {:action=>"complete", :controller=>"server"}
                                    cancel        /server/cancel                                            {:action=>"cancel", :controller=>"server"}
                 formatted_seatbelt_config        /server/seatbelt/config.:format                           {:action=>"seatbelt_config", :controller=>"server"}
                  formatted_seatbelt_state        /server/seatbelt/state.:format                            {:action=>"seatbelt_login_state", :controller=>"server"}
                                  consumer        /consumer                                                 {:action=>"index", :controller=>"consumer"}
                            consumer_start        /consumer/start                                           {:action=>"start", :controller=>"consumer"}
                         consumer_complete        /consumer/complete                                        {:action=>"complete", :controller=>"consumer"}
                                      home        /                                                         {:action=>"index", :controller=>"info"}
                                      help        /help                                                     {:action=>"help", :controller=>"info"}
                                safe_login        /safe-login                                               {:action=>"safe_login", :controller=>"info"}
                        formatted_identity        /:account.:format                                         {:action=>"show", :controller=>"accounts"}
                                  identity        /:account                                                 {:action=>"show", :controller=>"accounts"}
